{"D:\\Course\\FSJS\\file requirement job\\PT Qtasnim\\Coding Asigment\\be\\server.js": {"path":"D:\\Course\\FSJS\\file requirement job\\PT Qtasnim\\Coding Asigment\\be\\server.js","statementMap":{"0":{"start":{"line":1,"column":16},"end":{"line":1,"column":34}},"1":{"start":{"line":2,"column":12},"end":{"line":2,"column":21}},"2":{"start":{"line":4,"column":0},"end":{"line":4,"column":49}},"3":{"start":{"line":5,"column":0},"end":{"line":5,"column":24}},"4":{"start":{"line":8,"column":0},"end":{"line":8,"column":29}},"5":{"start":{"line":11,"column":0},"end":{"line":11,"column":45}},"6":{"start":{"line":13,"column":0},"end":{"line":13,"column":21}}},"fnMap":{},"branchMap":{},"s":{"0":1,"1":1,"2":1,"3":1,"4":1,"5":1,"6":1},"f":{},"b":{},"_coverageSchema":"1a1c01bbd47fc00a2c39e90264f33305004495a9","hash":"d3359138fd984bab73e973c8236144ecc85b12db"}
,"D:\\Course\\FSJS\\file requirement job\\PT Qtasnim\\Coding Asigment\\be\\controllers\\SalesController.js": {"path":"D:\\Course\\FSJS\\file requirement job\\PT Qtasnim\\Coding Asigment\\be\\controllers\\SalesController.js","statementMap":{"0":{"start":{"line":1,"column":17},"end":{"line":1,"column":37}},"1":{"start":{"line":5,"column":4},"end":{"line":14,"column":5}},"2":{"start":{"line":6,"column":19},"end":{"line":8,"column":8}},"3":{"start":{"line":11,"column":6},"end":{"line":11,"column":37}},"4":{"start":{"line":13,"column":6},"end":{"line":13,"column":18}},"5":{"start":{"line":18,"column":4},"end":{"line":32,"column":5}},"6":{"start":{"line":19,"column":65},"end":{"line":19,"column":73}},"7":{"start":{"line":20,"column":22},"end":{"line":26,"column":8}},"8":{"start":{"line":29,"column":6},"end":{"line":29,"column":76}},"9":{"start":{"line":31,"column":6},"end":{"line":31,"column":18}},"10":{"start":{"line":36,"column":4},"end":{"line":61,"column":5}},"11":{"start":{"line":37,"column":21},"end":{"line":37,"column":31}},"12":{"start":{"line":38,"column":24},"end":{"line":38,"column":47}},"13":{"start":{"line":41,"column":6},"end":{"line":43,"column":7}},"14":{"start":{"line":42,"column":8},"end":{"line":42,"column":68}},"15":{"start":{"line":46,"column":65},"end":{"line":46,"column":73}},"16":{"start":{"line":47,"column":6},"end":{"line":53,"column":9}},"17":{"start":{"line":56,"column":6},"end":{"line":58,"column":68}},"18":{"start":{"line":60,"column":6},"end":{"line":60,"column":18}},"19":{"start":{"line":65,"column":4},"end":{"line":85,"column":5}},"20":{"start":{"line":66,"column":21},"end":{"line":66,"column":31}},"21":{"start":{"line":69,"column":23},"end":{"line":69,"column":46}},"22":{"start":{"line":71,"column":6},"end":{"line":73,"column":7}},"23":{"start":{"line":72,"column":8},"end":{"line":72,"column":68}},"24":{"start":{"line":76,"column":6},"end":{"line":76,"column":31}},"25":{"start":{"line":79,"column":6},"end":{"line":82,"column":9}},"26":{"start":{"line":84,"column":6},"end":{"line":84,"column":18}},"27":{"start":{"line":89,"column":0},"end":{"line":89,"column":33}}},"fnMap":{"0":{"name":"(anonymous_0)","decl":{"start":{"line":4,"column":2},"end":{"line":4,"column":3}},"loc":{"start":{"line":4,"column":38},"end":{"line":15,"column":3}},"line":4},"1":{"name":"(anonymous_1)","decl":{"start":{"line":17,"column":2},"end":{"line":17,"column":3}},"loc":{"start":{"line":17,"column":35},"end":{"line":33,"column":3}},"line":17},"2":{"name":"(anonymous_2)","decl":{"start":{"line":35,"column":2},"end":{"line":35,"column":3}},"loc":{"start":{"line":35,"column":38},"end":{"line":62,"column":3}},"line":35},"3":{"name":"(anonymous_3)","decl":{"start":{"line":64,"column":2},"end":{"line":64,"column":3}},"loc":{"start":{"line":64,"column":38},"end":{"line":86,"column":3}},"line":64}},"branchMap":{"0":{"loc":{"start":{"line":41,"column":6},"end":{"line":43,"column":7}},"type":"if","locations":[{"start":{"line":41,"column":6},"end":{"line":43,"column":7}},{"start":{},"end":{}}],"line":41},"1":{"loc":{"start":{"line":71,"column":6},"end":{"line":73,"column":7}},"type":"if","locations":[{"start":{"line":71,"column":6},"end":{"line":73,"column":7}},{"start":{},"end":{}}],"line":71}},"s":{"0":1,"1":1,"2":1,"3":1,"4":0,"5":1,"6":1,"7":1,"8":1,"9":0,"10":1,"11":1,"12":1,"13":1,"14":0,"15":1,"16":1,"17":1,"18":0,"19":1,"20":1,"21":1,"22":1,"23":0,"24":1,"25":1,"26":0,"27":1},"f":{"0":1,"1":1,"2":1,"3":1},"b":{"0":[0,1],"1":[0,1]},"_coverageSchema":"1a1c01bbd47fc00a2c39e90264f33305004495a9","hash":"165b37ab8958035121d68ce0477c4d83e5bca62b"}
,"D:\\Course\\FSJS\\file requirement job\\PT Qtasnim\\Coding Asigment\\be\\middlewares\\errHandler.js": {"path":"D:\\Course\\FSJS\\file requirement job\\PT Qtasnim\\Coding Asigment\\be\\middlewares\\errHandler.js","statementMap":{"0":{"start":{"line":1,"column":19},"end":{"line":17,"column":1}},"1":{"start":{"line":2,"column":2},"end":{"line":16,"column":3}},"2":{"start":{"line":4,"column":6},"end":{"line":4,"column":63}},"3":{"start":{"line":5,"column":6},"end":{"line":5,"column":12}},"4":{"start":{"line":8,"column":6},"end":{"line":8,"column":53}},"5":{"start":{"line":9,"column":6},"end":{"line":9,"column":12}},"6":{"start":{"line":12,"column":6},"end":{"line":12,"column":23}},"7":{"start":{"line":13,"column":6},"end":{"line":13,"column":56}},"8":{"start":{"line":14,"column":6},"end":{"line":14,"column":65}},"9":{"start":{"line":15,"column":6},"end":{"line":15,"column":12}},"10":{"start":{"line":19,"column":0},"end":{"line":19,"column":28}}},"fnMap":{"0":{"name":"(anonymous_0)","decl":{"start":{"line":1,"column":19},"end":{"line":1,"column":20}},"loc":{"start":{"line":1,"column":44},"end":{"line":17,"column":1}},"line":1}},"branchMap":{"0":{"loc":{"start":{"line":2,"column":2},"end":{"line":16,"column":3}},"type":"switch","locations":[{"start":{"line":3,"column":4},"end":{"line":5,"column":12}},{"start":{"line":7,"column":4},"end":{"line":9,"column":12}},{"start":{"line":11,"column":4},"end":{"line":15,"column":12}}],"line":2}},"s":{"0":1,"1":0,"2":0,"3":0,"4":0,"5":0,"6":0,"7":0,"8":0,"9":0,"10":1},"f":{"0":0},"b":{"0":[0,0,0]},"_coverageSchema":"1a1c01bbd47fc00a2c39e90264f33305004495a9","hash":"cc8d47aaa3c804cb01213f0413a69e7b3b94cb3b"}
,"D:\\Course\\FSJS\\file requirement job\\PT Qtasnim\\Coding Asigment\\be\\models\\index.js": {"path":"D:\\Course\\FSJS\\file requirement job\\PT Qtasnim\\Coding Asigment\\be\\models\\index.js","statementMap":{"0":{"start":{"line":3,"column":11},"end":{"line":3,"column":24}},"1":{"start":{"line":4,"column":13},"end":{"line":4,"column":28}},"2":{"start":{"line":5,"column":18},"end":{"line":5,"column":38}},"3":{"start":{"line":6,"column":16},"end":{"line":6,"column":34}},"4":{"start":{"line":7,"column":17},"end":{"line":7,"column":42}},"5":{"start":{"line":8,"column":12},"end":{"line":8,"column":49}},"6":{"start":{"line":9,"column":15},"end":{"line":9,"column":65}},"7":{"start":{"line":10,"column":11},"end":{"line":10,"column":13}},"8":{"start":{"line":13,"column":0},"end":{"line":17,"column":1}},"9":{"start":{"line":14,"column":2},"end":{"line":14,"column":74}},"10":{"start":{"line":16,"column":2},"end":{"line":16,"column":87}},"11":{"start":{"line":19,"column":0},"end":{"line":32,"column":5}},"12":{"start":{"line":22,"column":4},"end":{"line":27,"column":6}},"13":{"start":{"line":30,"column":18},"end":{"line":30,"column":85}},"14":{"start":{"line":31,"column":4},"end":{"line":31,"column":27}},"15":{"start":{"line":34,"column":0},"end":{"line":38,"column":3}},"16":{"start":{"line":35,"column":2},"end":{"line":37,"column":3}},"17":{"start":{"line":36,"column":4},"end":{"line":36,"column":32}},"18":{"start":{"line":40,"column":0},"end":{"line":40,"column":25}},"19":{"start":{"line":41,"column":0},"end":{"line":41,"column":25}},"20":{"start":{"line":43,"column":0},"end":{"line":43,"column":20}}},"fnMap":{"0":{"name":"(anonymous_0)","decl":{"start":{"line":21,"column":10},"end":{"line":21,"column":11}},"loc":{"start":{"line":21,"column":18},"end":{"line":28,"column":3}},"line":21},"1":{"name":"(anonymous_1)","decl":{"start":{"line":29,"column":11},"end":{"line":29,"column":12}},"loc":{"start":{"line":29,"column":19},"end":{"line":32,"column":3}},"line":29},"2":{"name":"(anonymous_2)","decl":{"start":{"line":34,"column":24},"end":{"line":34,"column":25}},"loc":{"start":{"line":34,"column":37},"end":{"line":38,"column":1}},"line":34}},"branchMap":{"0":{"loc":{"start":{"line":8,"column":12},"end":{"line":8,"column":49}},"type":"binary-expr","locations":[{"start":{"line":8,"column":12},"end":{"line":8,"column":32}},{"start":{"line":8,"column":36},"end":{"line":8,"column":49}}],"line":8},"1":{"loc":{"start":{"line":13,"column":0},"end":{"line":17,"column":1}},"type":"if","locations":[{"start":{"line":13,"column":0},"end":{"line":17,"column":1}},{"start":{"line":15,"column":7},"end":{"line":17,"column":1}}],"line":13},"2":{"loc":{"start":{"line":23,"column":6},"end":{"line":26,"column":37}},"type":"binary-expr","locations":[{"start":{"line":23,"column":6},"end":{"line":23,"column":29}},{"start":{"line":24,"column":6},"end":{"line":24,"column":23}},{"start":{"line":25,"column":6},"end":{"line":25,"column":30}},{"start":{"line":26,"column":6},"end":{"line":26,"column":37}}],"line":23},"3":{"loc":{"start":{"line":35,"column":2},"end":{"line":37,"column":3}},"type":"if","locations":[{"start":{"line":35,"column":2},"end":{"line":37,"column":3}},{"start":{},"end":{}}],"line":35}},"s":{"0":1,"1":1,"2":1,"3":1,"4":1,"5":1,"6":1,"7":1,"8":1,"9":0,"10":1,"11":1,"12":2,"13":1,"14":1,"15":1,"16":1,"17":1,"18":1,"19":1,"20":1},"f":{"0":2,"1":1,"2":1},"b":{"0":[1,0],"1":[0,1],"2":[2,2,1,1],"3":[1,0]},"_coverageSchema":"1a1c01bbd47fc00a2c39e90264f33305004495a9","hash":"febe0ec2b3309ab0076aebf996409ae95251953c"}
,"D:\\Course\\FSJS\\file requirement job\\PT Qtasnim\\Coding Asigment\\be\\models\\sale.js": {"path":"D:\\Course\\FSJS\\file requirement job\\PT Qtasnim\\Coding Asigment\\be\\models\\sale.js","statementMap":{"0":{"start":{"line":2,"column":18},"end":{"line":2,"column":38}},"1":{"start":{"line":3,"column":0},"end":{"line":49,"column":2}},"2":{"start":{"line":14,"column":2},"end":{"line":47,"column":4}},"3":{"start":{"line":48,"column":2},"end":{"line":48,"column":14}}},"fnMap":{"0":{"name":"(anonymous_0)","decl":{"start":{"line":3,"column":17},"end":{"line":3,"column":18}},"loc":{"start":{"line":3,"column":43},"end":{"line":49,"column":1}},"line":3},"1":{"name":"(anonymous_1)","decl":{"start":{"line":10,"column":4},"end":{"line":10,"column":5}},"loc":{"start":{"line":10,"column":29},"end":{"line":12,"column":5}},"line":10}},"branchMap":{},"s":{"0":1,"1":1,"2":1,"3":1},"f":{"0":1,"1":1},"b":{},"_coverageSchema":"1a1c01bbd47fc00a2c39e90264f33305004495a9","hash":"1f780c4871db2957e5f23f2b55310b9e29e540e9"}
,"D:\\Course\\FSJS\\file requirement job\\PT Qtasnim\\Coding Asigment\\be\\routes\\index.js": {"path":"D:\\Course\\FSJS\\file requirement job\\PT Qtasnim\\Coding Asigment\\be\\routes\\index.js","statementMap":{"0":{"start":{"line":1,"column":16},"end":{"line":1,"column":34}},"1":{"start":{"line":2,"column":15},"end":{"line":2,"column":31}},"2":{"start":{"line":4,"column":0},"end":{"line":10,"column":3}},"3":{"start":{"line":5,"column":2},"end":{"line":9,"column":5}},"4":{"start":{"line":12,"column":0},"end":{"line":12,"column":46}},"5":{"start":{"line":14,"column":0},"end":{"line":14,"column":24}}},"fnMap":{"0":{"name":"(anonymous_0)","decl":{"start":{"line":4,"column":16},"end":{"line":4,"column":17}},"loc":{"start":{"line":4,"column":30},"end":{"line":10,"column":1}},"line":4}},"branchMap":{},"s":{"0":1,"1":1,"2":1,"3":0,"4":1,"5":1},"f":{"0":0},"b":{},"_coverageSchema":"1a1c01bbd47fc00a2c39e90264f33305004495a9","hash":"0387247e59e344f1badd61b0dbd15b874543b9f5"}
,"D:\\Course\\FSJS\\file requirement job\\PT Qtasnim\\Coding Asigment\\be\\routes\\salesRoute.js": {"path":"D:\\Course\\FSJS\\file requirement job\\PT Qtasnim\\Coding Asigment\\be\\routes\\salesRoute.js","statementMap":{"0":{"start":{"line":1,"column":16},"end":{"line":1,"column":34}},"1":{"start":{"line":2,"column":15},"end":{"line":2,"column":31}},"2":{"start":{"line":5,"column":24},"end":{"line":5,"column":65}},"3":{"start":{"line":7,"column":0},"end":{"line":7,"column":46}},"4":{"start":{"line":8,"column":0},"end":{"line":8,"column":41}},"5":{"start":{"line":9,"column":0},"end":{"line":9,"column":50}},"6":{"start":{"line":10,"column":0},"end":{"line":10,"column":53}},"7":{"start":{"line":12,"column":0},"end":{"line":12,"column":24}}},"fnMap":{},"branchMap":{},"s":{"0":1,"1":1,"2":1,"3":1,"4":1,"5":1,"6":1,"7":1},"f":{},"b":{},"_coverageSchema":"1a1c01bbd47fc00a2c39e90264f33305004495a9","hash":"db986224d0dc8de3b95083899ee16969d93d7158"}
}
